<?xml version="1.0" encoding="UTF-8"?>
<testng-results ignored="0" total="2" passed="2" failed="0" skipped="0">
  <reporter-output>
  </reporter-output>
  <suite started-at="2023-10-29T01:07:34 IST" name="Command line suite" finished-at="2023-10-29T01:07:39 IST" duration-ms="5358">
    <groups>
    </groups>
    <test started-at="2023-10-29T01:07:34 IST" name="Command line test" finished-at="2023-10-29T01:07:39 IST" duration-ms="5358">
      <class name="partners.partnerSwitchAPITest">
        <test-method signature="switchAPITest()[pri:0, instance:partners.partnerSwitchAPITest@7486b455]" started-at="2023-10-29T01:07:35 IST" name="switchAPITest" finished-at="2023-10-29T01:07:39 IST" duration-ms="4232" status="PASS">
          <reporter-output>
          </reporter-output>
        </test-method> <!-- switchAPITest -->
      </class> <!-- partners.partnerSwitchAPITest -->
      <class name="partners.partnerSignAPITest">
        <test-method signature="validateSignInTest()[pri:0, instance:partners.partnerSignAPITest@782859e]" started-at="2023-10-29T01:07:34 IST" name="validateSignInTest" finished-at="2023-10-29T01:07:35 IST" duration-ms="1106" status="PASS">
          <reporter-output>
          </reporter-output>
        </test-method> <!-- validateSignInTest -->
      </class> <!-- partners.partnerSignAPITest -->
    </test> <!-- Command line test -->
  </suite> <!-- Command line suite -->
</testng-results>
